{"D:\\SEMESTER 6\\foodgo-backend\\server.js": {"path":"D:\\SEMESTER 6\\foodgo-backend\\server.js","statementMap":{"0":{"start":{"line":1,"column":16},"end":{"line":1,"column":34}},"1":{"start":{"line":2,"column":13},"end":{"line":2,"column":28}},"2":{"start":{"line":3,"column":33},"end":{"line":3,"column":53}},"3":{"start":{"line":4,"column":15},"end":{"line":4,"column":32}},"4":{"start":{"line":5,"column":13},"end":{"line":5,"column":28}},"5":{"start":{"line":6,"column":11},"end":{"line":6,"column":24}},"6":{"start":{"line":7,"column":12},"end":{"line":7,"column":35}},"7":{"start":{"line":9,"column":12},"end":{"line":9,"column":21}},"8":{"start":{"line":10,"column":19},"end":{"line":10,"column":42}},"9":{"start":{"line":11,"column":15},"end":{"line":11,"column":32}},"10":{"start":{"line":12,"column":18},"end":{"line":12,"column":47}},"11":{"start":{"line":13,"column":35},"end":{"line":13,"column":63}},"12":{"start":{"line":15,"column":0},"end":{"line":15,"column":16}},"13":{"start":{"line":16,"column":0},"end":{"line":16,"column":24}},"14":{"start":{"line":18,"column":0},"end":{"line":18,"column":18}},"15":{"start":{"line":19,"column":0},"end":{"line":19,"column":70}},"16":{"start":{"line":23,"column":16},"end":{"line":27,"column":2}},"17":{"start":{"line":28,"column":0},"end":{"line":28,"column":17}},"18":{"start":{"line":29,"column":0},"end":{"line":29,"column":47}},"19":{"start":{"line":31,"column":18},"end":{"line":31,"column":29}},"20":{"start":{"line":32,"column":0},"end":{"line":34,"column":1}},"21":{"start":{"line":33,"column":4},"end":{"line":33,"column":28}},"22":{"start":{"line":36,"column":16},"end":{"line":39,"column":2}},"23":{"start":{"line":37,"column":36},"end":{"line":37,"column":57}},"24":{"start":{"line":38,"column":33},"end":{"line":38,"column":88}},"25":{"start":{"line":40,"column":15},"end":{"line":40,"column":43}},"26":{"start":{"line":42,"column":18},"end":{"line":47,"column":2}},"27":{"start":{"line":52,"column":16},"end":{"line":57,"column":2}},"28":{"start":{"line":59,"column":14},"end":{"line":68,"column":2}},"29":{"start":{"line":70,"column":13},"end":{"line":75,"column":2}},"30":{"start":{"line":77,"column":15},"end":{"line":80,"column":2}},"31":{"start":{"line":85,"column":26},"end":{"line":106,"column":1}},"32":{"start":{"line":86,"column":21},"end":{"line":86,"column":49}},"33":{"start":{"line":87,"column":16},"end":{"line":87,"column":54}},"34":{"start":{"line":90,"column":2},"end":{"line":93,"column":3}},"35":{"start":{"line":91,"column":4},"end":{"line":91,"column":51}},"36":{"start":{"line":92,"column":4},"end":{"line":92,"column":18}},"37":{"start":{"line":95,"column":2},"end":{"line":97,"column":3}},"38":{"start":{"line":96,"column":4},"end":{"line":96,"column":103}},"39":{"start":{"line":99,"column":2},"end":{"line":105,"column":5}},"40":{"start":{"line":100,"column":4},"end":{"line":102,"column":5}},"41":{"start":{"line":101,"column":6},"end":{"line":101,"column":102}},"42":{"start":{"line":103,"column":4},"end":{"line":103,"column":20}},"43":{"start":{"line":104,"column":4},"end":{"line":104,"column":11}},"44":{"start":{"line":109,"column":0},"end":{"line":149,"column":5}},"45":{"start":{"line":111,"column":4},"end":{"line":113,"column":5}},"46":{"start":{"line":112,"column":7},"end":{"line":112,"column":61}},"47":{"start":{"line":114,"column":4},"end":{"line":114,"column":43}},"48":{"start":{"line":117,"column":4},"end":{"line":119,"column":5}},"49":{"start":{"line":118,"column":7},"end":{"line":118,"column":53}},"50":{"start":{"line":121,"column":25},"end":{"line":121,"column":46}},"51":{"start":{"line":122,"column":4},"end":{"line":129,"column":5}},"52":{"start":{"line":123,"column":6},"end":{"line":128,"column":9}},"53":{"start":{"line":131,"column":23},"end":{"line":131,"column":42}},"54":{"start":{"line":132,"column":4},"end":{"line":137,"column":5}},"55":{"start":{"line":133,"column":6},"end":{"line":136,"column":9}},"56":{"start":{"line":139,"column":22},"end":{"line":139,"column":40}},"57":{"start":{"line":140,"column":4},"end":{"line":145,"column":5}},"58":{"start":{"line":141,"column":6},"end":{"line":144,"column":9}},"59":{"start":{"line":148,"column":5},"end":{"line":148,"column":94}},"60":{"start":{"line":148,"column":42},"end":{"line":148,"column":94}},"61":{"start":{"line":155,"column":0},"end":{"line":181,"column":3}},"62":{"start":{"line":159,"column":17},"end":{"line":159,"column":38}},"63":{"start":{"line":160,"column":2},"end":{"line":162,"column":3}},"64":{"start":{"line":161,"column":4},"end":{"line":161,"column":76}},"65":{"start":{"line":163,"column":2},"end":{"line":180,"column":3}},"66":{"start":{"line":164,"column":30},"end":{"line":164,"column":38}},"67":{"start":{"line":166,"column":4},"end":{"line":169,"column":5}},"68":{"start":{"line":167,"column":20},"end":{"line":167,"column":94}},"69":{"start":{"line":168,"column":6},"end":{"line":168,"column":70}},"70":{"start":{"line":171,"column":17},"end":{"line":171,"column":80}},"71":{"start":{"line":172,"column":4},"end":{"line":177,"column":5}},"72":{"start":{"line":173,"column":20},"end":{"line":173,"column":99}},"73":{"start":{"line":174,"column":6},"end":{"line":174,"column":130}},"74":{"start":{"line":176,"column":6},"end":{"line":176,"column":84}},"75":{"start":{"line":179,"column":4},"end":{"line":179,"column":88}},"76":{"start":{"line":183,"column":0},"end":{"line":207,"column":3}},"77":{"start":{"line":184,"column":2},"end":{"line":206,"column":3}},"78":{"start":{"line":185,"column":31},"end":{"line":185,"column":39}},"79":{"start":{"line":186,"column":20},"end":{"line":186,"column":30}},"80":{"start":{"line":187,"column":27},"end":{"line":187,"column":62}},"81":{"start":{"line":189,"column":17},"end":{"line":189,"column":55}},"82":{"start":{"line":190,"column":4},"end":{"line":192,"column":5}},"83":{"start":{"line":191,"column":6},"end":{"line":191,"column":87}},"84":{"start":{"line":194,"column":4},"end":{"line":194,"column":34}},"85":{"start":{"line":195,"column":4},"end":{"line":195,"column":43}},"86":{"start":{"line":195,"column":18},"end":{"line":195,"column":43}},"87":{"start":{"line":196,"column":4},"end":{"line":196,"column":53}},"88":{"start":{"line":196,"column":24},"end":{"line":196,"column":53}},"89":{"start":{"line":198,"column":4},"end":{"line":198,"column":22}},"90":{"start":{"line":199,"column":4},"end":{"line":203,"column":7}},"91":{"start":{"line":205,"column":4},"end":{"line":205,"column":69}},"92":{"start":{"line":209,"column":0},"end":{"line":224,"column":3}},"93":{"start":{"line":210,"column":2},"end":{"line":223,"column":69}},"94":{"start":{"line":211,"column":18},"end":{"line":211,"column":41}},"95":{"start":{"line":212,"column":27},"end":{"line":221,"column":7}},"96":{"start":{"line":213,"column":22},"end":{"line":213,"column":77}},"97":{"start":{"line":214,"column":22},"end":{"line":214,"column":25}},"98":{"start":{"line":215,"column":6},"end":{"line":218,"column":7}},"99":{"start":{"line":216,"column":20},"end":{"line":216,"column":65}},"100":{"start":{"line":216,"column":47},"end":{"line":216,"column":61}},"101":{"start":{"line":217,"column":8},"end":{"line":217,"column":65}},"102":{"start":{"line":219,"column":23},"end":{"line":219,"column":88}},"103":{"start":{"line":220,"column":6},"end":{"line":220,"column":122}},"104":{"start":{"line":222,"column":4},"end":{"line":222,"column":29}},"105":{"start":{"line":223,"column":20},"end":{"line":223,"column":67}},"106":{"start":{"line":226,"column":0},"end":{"line":239,"column":3}},"107":{"start":{"line":227,"column":2},"end":{"line":238,"column":69}},"108":{"start":{"line":228,"column":36},"end":{"line":228,"column":44}},"109":{"start":{"line":231,"column":4},"end":{"line":233,"column":5}},"110":{"start":{"line":232,"column":6},"end":{"line":232,"column":86}},"111":{"start":{"line":235,"column":26},"end":{"line":235,"column":61}},"112":{"start":{"line":236,"column":20},"end":{"line":236,"column":130}},"113":{"start":{"line":237,"column":4},"end":{"line":237,"column":34}},"114":{"start":{"line":238,"column":20},"end":{"line":238,"column":67}},"115":{"start":{"line":241,"column":0},"end":{"line":247,"column":3}},"116":{"start":{"line":242,"column":2},"end":{"line":246,"column":69}},"117":{"start":{"line":243,"column":23},"end":{"line":243,"column":31}},"118":{"start":{"line":244,"column":4},"end":{"line":244,"column":80}},"119":{"start":{"line":245,"column":4},"end":{"line":245,"column":69}},"120":{"start":{"line":246,"column":20},"end":{"line":246,"column":67}},"121":{"start":{"line":249,"column":0},"end":{"line":257,"column":3}},"122":{"start":{"line":250,"column":2},"end":{"line":256,"column":69}},"123":{"start":{"line":251,"column":17},"end":{"line":251,"column":54}},"124":{"start":{"line":252,"column":4},"end":{"line":254,"column":5}},"125":{"start":{"line":253,"column":6},"end":{"line":253,"column":70}},"126":{"start":{"line":255,"column":4},"end":{"line":255,"column":19}},"127":{"start":{"line":256,"column":20},"end":{"line":256,"column":67}},"128":{"start":{"line":259,"column":0},"end":{"line":278,"column":3}},"129":{"start":{"line":260,"column":2},"end":{"line":277,"column":69}},"130":{"start":{"line":261,"column":36},"end":{"line":261,"column":44}},"131":{"start":{"line":264,"column":4},"end":{"line":266,"column":5}},"132":{"start":{"line":265,"column":6},"end":{"line":265,"column":84}},"133":{"start":{"line":268,"column":17},"end":{"line":268,"column":54}},"134":{"start":{"line":269,"column":4},"end":{"line":271,"column":5}},"135":{"start":{"line":270,"column":6},"end":{"line":270,"column":70}},"136":{"start":{"line":273,"column":4},"end":{"line":273,"column":84}},"137":{"start":{"line":275,"column":24},"end":{"line":275,"column":61}},"138":{"start":{"line":276,"column":4},"end":{"line":276,"column":26}},"139":{"start":{"line":277,"column":20},"end":{"line":277,"column":67}},"140":{"start":{"line":280,"column":0},"end":{"line":289,"column":3}},"141":{"start":{"line":281,"column":2},"end":{"line":288,"column":69}},"142":{"start":{"line":282,"column":17},"end":{"line":282,"column":54}},"143":{"start":{"line":283,"column":4},"end":{"line":285,"column":5}},"144":{"start":{"line":284,"column":6},"end":{"line":284,"column":89}},"145":{"start":{"line":286,"column":4},"end":{"line":286,"column":60}},"146":{"start":{"line":287,"column":4},"end":{"line":287,"column":43}},"147":{"start":{"line":288,"column":20},"end":{"line":288,"column":67}},"148":{"start":{"line":291,"column":0},"end":{"line":294,"column":3}},"149":{"start":{"line":292,"column":2},"end":{"line":293,"column":67}},"150":{"start":{"line":292,"column":23},"end":{"line":292,"column":44}},"151":{"start":{"line":292,"column":46},"end":{"line":292,"column":63}},"152":{"start":{"line":293,"column":18},"end":{"line":293,"column":65}},"153":{"start":{"line":296,"column":0},"end":{"line":303,"column":3}},"154":{"start":{"line":297,"column":2},"end":{"line":302,"column":69}},"155":{"start":{"line":298,"column":60},"end":{"line":298,"column":68}},"156":{"start":{"line":299,"column":26},"end":{"line":299,"column":61}},"157":{"start":{"line":300,"column":21},"end":{"line":300,"column":144}},"158":{"start":{"line":301,"column":4},"end":{"line":301,"column":35}},"159":{"start":{"line":302,"column":20},"end":{"line":302,"column":67}},"160":{"start":{"line":305,"column":0},"end":{"line":311,"column":3}},"161":{"start":{"line":306,"column":2},"end":{"line":310,"column":69}},"162":{"start":{"line":307,"column":23},"end":{"line":307,"column":31}},"163":{"start":{"line":308,"column":4},"end":{"line":308,"column":69}},"164":{"start":{"line":309,"column":4},"end":{"line":309,"column":54}},"165":{"start":{"line":310,"column":20},"end":{"line":310,"column":67}},"166":{"start":{"line":313,"column":0},"end":{"line":317,"column":1}},"167":{"start":{"line":314,"column":4},"end":{"line":316,"column":7}},"168":{"start":{"line":315,"column":8},"end":{"line":315,"column":75}},"169":{"start":{"line":320,"column":0},"end":{"line":320,"column":26}},"170":{"start":{"line":323,"column":0},"end":{"line":323,"column":21}}},"fnMap":{"0":{"name":"(anonymous_0)","decl":{"start":{"line":37,"column":15},"end":{"line":37,"column":16}},"loc":{"start":{"line":37,"column":34},"end":{"line":37,"column":59}},"line":37},"1":{"name":"(anonymous_1)","decl":{"start":{"line":38,"column":12},"end":{"line":38,"column":13}},"loc":{"start":{"line":38,"column":31},"end":{"line":38,"column":90}},"line":38},"2":{"name":"(anonymous_2)","decl":{"start":{"line":85,"column":26},"end":{"line":85,"column":27}},"loc":{"start":{"line":85,"column":46},"end":{"line":106,"column":1}},"line":85},"3":{"name":"(anonymous_3)","decl":{"start":{"line":99,"column":32},"end":{"line":99,"column":33}},"loc":{"start":{"line":99,"column":47},"end":{"line":105,"column":3}},"line":99},"4":{"name":"(anonymous_4)","decl":{"start":{"line":110,"column":8},"end":{"line":110,"column":9}},"loc":{"start":{"line":110,"column":14},"end":{"line":115,"column":3}},"line":110},"5":{"name":"(anonymous_5)","decl":{"start":{"line":116,"column":8},"end":{"line":116,"column":9}},"loc":{"start":{"line":116,"column":20},"end":{"line":146,"column":3}},"line":116},"6":{"name":"(anonymous_6)","decl":{"start":{"line":147,"column":9},"end":{"line":147,"column":10}},"loc":{"start":{"line":147,"column":16},"end":{"line":149,"column":3}},"line":147},"7":{"name":"(anonymous_7)","decl":{"start":{"line":158,"column":3},"end":{"line":158,"column":4}},"loc":{"start":{"line":158,"column":23},"end":{"line":181,"column":1}},"line":158},"8":{"name":"(anonymous_8)","decl":{"start":{"line":183,"column":70},"end":{"line":183,"column":71}},"loc":{"start":{"line":183,"column":90},"end":{"line":207,"column":1}},"line":183},"9":{"name":"(anonymous_9)","decl":{"start":{"line":209,"column":21},"end":{"line":209,"column":22}},"loc":{"start":{"line":209,"column":41},"end":{"line":224,"column":1}},"line":209},"10":{"name":"(anonymous_10)","decl":{"start":{"line":212,"column":55},"end":{"line":212,"column":56}},"loc":{"start":{"line":212,"column":71},"end":{"line":221,"column":5}},"line":212},"11":{"name":"(anonymous_11)","decl":{"start":{"line":216,"column":35},"end":{"line":216,"column":36}},"loc":{"start":{"line":216,"column":47},"end":{"line":216,"column":61}},"line":216},"12":{"name":"(anonymous_12)","decl":{"start":{"line":226,"column":65},"end":{"line":226,"column":66}},"loc":{"start":{"line":226,"column":85},"end":{"line":239,"column":1}},"line":226},"13":{"name":"(anonymous_13)","decl":{"start":{"line":241,"column":52},"end":{"line":241,"column":53}},"loc":{"start":{"line":241,"column":72},"end":{"line":247,"column":1}},"line":241},"14":{"name":"(anonymous_14)","decl":{"start":{"line":249,"column":44},"end":{"line":249,"column":45}},"loc":{"start":{"line":249,"column":64},"end":{"line":257,"column":1}},"line":249},"15":{"name":"(anonymous_15)","decl":{"start":{"line":259,"column":44},"end":{"line":259,"column":45}},"loc":{"start":{"line":259,"column":64},"end":{"line":278,"column":1}},"line":259},"16":{"name":"(anonymous_16)","decl":{"start":{"line":280,"column":47},"end":{"line":280,"column":48}},"loc":{"start":{"line":280,"column":67},"end":{"line":289,"column":1}},"line":280},"17":{"name":"(anonymous_17)","decl":{"start":{"line":291,"column":42},"end":{"line":291,"column":43}},"loc":{"start":{"line":291,"column":62},"end":{"line":294,"column":1}},"line":291},"18":{"name":"(anonymous_18)","decl":{"start":{"line":296,"column":67},"end":{"line":296,"column":68}},"loc":{"start":{"line":296,"column":87},"end":{"line":303,"column":1}},"line":296},"19":{"name":"(anonymous_19)","decl":{"start":{"line":305,"column":53},"end":{"line":305,"column":54}},"loc":{"start":{"line":305,"column":73},"end":{"line":311,"column":1}},"line":305},"20":{"name":"(anonymous_20)","decl":{"start":{"line":314,"column":21},"end":{"line":314,"column":22}},"loc":{"start":{"line":314,"column":27},"end":{"line":316,"column":5}},"line":314}},"branchMap":{"0":{"loc":{"start":{"line":25,"column":7},"end":{"line":25,"column":51}},"type":"cond-expr","locations":[{"start":{"line":25,"column":41},"end":{"line":25,"column":45}},{"start":{"line":25,"column":48},"end":{"line":25,"column":51}}],"line":25},"1":{"loc":{"start":{"line":32,"column":0},"end":{"line":34,"column":1}},"type":"if","locations":[{"start":{"line":32,"column":0},"end":{"line":34,"column":1}},{"start":{},"end":{}}],"line":32},"2":{"loc":{"start":{"line":45,"column":11},"end":{"line":45,"column":64}},"type":"cond-expr","locations":[{"start":{"line":45,"column":45},"end":{"line":45,"column":50}},{"start":{"line":45,"column":53},"end":{"line":45,"column":64}}],"line":45},"3":{"loc":{"start":{"line":87,"column":16},"end":{"line":87,"column":54}},"type":"binary-expr","locations":[{"start":{"line":87,"column":16},"end":{"line":87,"column":26}},{"start":{"line":87,"column":30},"end":{"line":87,"column":54}}],"line":87},"4":{"loc":{"start":{"line":90,"column":2},"end":{"line":93,"column":3}},"type":"if","locations":[{"start":{"line":90,"column":2},"end":{"line":93,"column":3}},{"start":{},"end":{}}],"line":90},"5":{"loc":{"start":{"line":90,"column":6},"end":{"line":90,"column":81}},"type":"binary-expr","locations":[{"start":{"line":90,"column":6},"end":{"line":90,"column":37}},{"start":{"line":90,"column":41},"end":{"line":90,"column":81}}],"line":90},"6":{"loc":{"start":{"line":95,"column":2},"end":{"line":97,"column":3}},"type":"if","locations":[{"start":{"line":95,"column":2},"end":{"line":97,"column":3}},{"start":{},"end":{}}],"line":95},"7":{"loc":{"start":{"line":100,"column":4},"end":{"line":102,"column":5}},"type":"if","locations":[{"start":{"line":100,"column":4},"end":{"line":102,"column":5}},{"start":{},"end":{}}],"line":100},"8":{"loc":{"start":{"line":111,"column":4},"end":{"line":113,"column":5}},"type":"if","locations":[{"start":{"line":111,"column":4},"end":{"line":113,"column":5}},{"start":{},"end":{}}],"line":111},"9":{"loc":{"start":{"line":117,"column":4},"end":{"line":119,"column":5}},"type":"if","locations":[{"start":{"line":117,"column":4},"end":{"line":119,"column":5}},{"start":{},"end":{}}],"line":117},"10":{"loc":{"start":{"line":122,"column":4},"end":{"line":129,"column":5}},"type":"if","locations":[{"start":{"line":122,"column":4},"end":{"line":129,"column":5}},{"start":{},"end":{}}],"line":122},"11":{"loc":{"start":{"line":132,"column":4},"end":{"line":137,"column":5}},"type":"if","locations":[{"start":{"line":132,"column":4},"end":{"line":137,"column":5}},{"start":{},"end":{}}],"line":132},"12":{"loc":{"start":{"line":140,"column":4},"end":{"line":145,"column":5}},"type":"if","locations":[{"start":{"line":140,"column":4},"end":{"line":145,"column":5}},{"start":{},"end":{}}],"line":140},"13":{"loc":{"start":{"line":148,"column":5},"end":{"line":148,"column":94}},"type":"if","locations":[{"start":{"line":148,"column":5},"end":{"line":148,"column":94}},{"start":{},"end":{}}],"line":148},"14":{"loc":{"start":{"line":160,"column":2},"end":{"line":162,"column":3}},"type":"if","locations":[{"start":{"line":160,"column":2},"end":{"line":162,"column":3}},{"start":{},"end":{}}],"line":160},"15":{"loc":{"start":{"line":166,"column":4},"end":{"line":169,"column":5}},"type":"if","locations":[{"start":{"line":166,"column":4},"end":{"line":169,"column":5}},{"start":{},"end":{}}],"line":166},"16":{"loc":{"start":{"line":166,"column":8},"end":{"line":166,"column":50}},"type":"binary-expr","locations":[{"start":{"line":166,"column":8},"end":{"line":166,"column":23}},{"start":{"line":166,"column":27},"end":{"line":166,"column":50}}],"line":166},"17":{"loc":{"start":{"line":172,"column":4},"end":{"line":177,"column":5}},"type":"if","locations":[{"start":{"line":172,"column":4},"end":{"line":177,"column":5}},{"start":{"line":175,"column":11},"end":{"line":177,"column":5}}],"line":172},"18":{"loc":{"start":{"line":187,"column":27},"end":{"line":187,"column":62}},"type":"cond-expr","locations":[{"start":{"line":187,"column":38},"end":{"line":187,"column":55}},{"start":{"line":187,"column":58},"end":{"line":187,"column":62}}],"line":187},"19":{"loc":{"start":{"line":190,"column":4},"end":{"line":192,"column":5}},"type":"if","locations":[{"start":{"line":190,"column":4},"end":{"line":192,"column":5}},{"start":{},"end":{}}],"line":190},"20":{"loc":{"start":{"line":194,"column":16},"end":{"line":194,"column":33}},"type":"binary-expr","locations":[{"start":{"line":194,"column":16},"end":{"line":194,"column":20}},{"start":{"line":194,"column":24},"end":{"line":194,"column":33}}],"line":194},"21":{"loc":{"start":{"line":195,"column":4},"end":{"line":195,"column":43}},"type":"if","locations":[{"start":{"line":195,"column":4},"end":{"line":195,"column":43}},{"start":{},"end":{}}],"line":195},"22":{"loc":{"start":{"line":196,"column":4},"end":{"line":196,"column":53}},"type":"if","locations":[{"start":{"line":196,"column":4},"end":{"line":196,"column":53}},{"start":{},"end":{}}],"line":196},"23":{"loc":{"start":{"line":215,"column":6},"end":{"line":218,"column":7}},"type":"if","locations":[{"start":{"line":215,"column":6},"end":{"line":218,"column":7}},{"start":{},"end":{}}],"line":215},"24":{"loc":{"start":{"line":219,"column":23},"end":{"line":219,"column":88}},"type":"cond-expr","locations":[{"start":{"line":219,"column":36},"end":{"line":219,"column":81}},{"start":{"line":219,"column":84},"end":{"line":219,"column":88}}],"line":219},"25":{"loc":{"start":{"line":231,"column":4},"end":{"line":233,"column":5}},"type":"if","locations":[{"start":{"line":231,"column":4},"end":{"line":233,"column":5}},{"start":{},"end":{}}],"line":231},"26":{"loc":{"start":{"line":231,"column":8},"end":{"line":231,"column":55}},"type":"binary-expr","locations":[{"start":{"line":231,"column":8},"end":{"line":231,"column":14}},{"start":{"line":231,"column":18},"end":{"line":231,"column":37}},{"start":{"line":231,"column":41},"end":{"line":231,"column":55}}],"line":231},"27":{"loc":{"start":{"line":235,"column":26},"end":{"line":235,"column":61}},"type":"cond-expr","locations":[{"start":{"line":235,"column":37},"end":{"line":235,"column":54}},{"start":{"line":235,"column":57},"end":{"line":235,"column":61}}],"line":235},"28":{"loc":{"start":{"line":236,"column":94},"end":{"line":236,"column":104}},"type":"binary-expr","locations":[{"start":{"line":236,"column":94},"end":{"line":236,"column":99}},{"start":{"line":236,"column":103},"end":{"line":236,"column":104}}],"line":236},"29":{"loc":{"start":{"line":252,"column":4},"end":{"line":254,"column":5}},"type":"if","locations":[{"start":{"line":252,"column":4},"end":{"line":254,"column":5}},{"start":{},"end":{}}],"line":252},"30":{"loc":{"start":{"line":264,"column":4},"end":{"line":266,"column":5}},"type":"if","locations":[{"start":{"line":264,"column":4},"end":{"line":266,"column":5}},{"start":{},"end":{}}],"line":264},"31":{"loc":{"start":{"line":264,"column":8},"end":{"line":264,"column":52}},"type":"binary-expr","locations":[{"start":{"line":264,"column":8},"end":{"line":264,"column":27}},{"start":{"line":264,"column":31},"end":{"line":264,"column":52}}],"line":264},"32":{"loc":{"start":{"line":269,"column":4},"end":{"line":271,"column":5}},"type":"if","locations":[{"start":{"line":269,"column":4},"end":{"line":271,"column":5}},{"start":{},"end":{}}],"line":269},"33":{"loc":{"start":{"line":283,"column":4},"end":{"line":285,"column":5}},"type":"if","locations":[{"start":{"line":283,"column":4},"end":{"line":285,"column":5}},{"start":{},"end":{}}],"line":283},"34":{"loc":{"start":{"line":299,"column":26},"end":{"line":299,"column":61}},"type":"cond-expr","locations":[{"start":{"line":299,"column":37},"end":{"line":299,"column":54}},{"start":{"line":299,"column":57},"end":{"line":299,"column":61}}],"line":299},"35":{"loc":{"start":{"line":313,"column":0},"end":{"line":317,"column":1}},"type":"if","locations":[{"start":{"line":313,"column":0},"end":{"line":317,"column":1}},{"start":{},"end":{}}],"line":313}},"s":{"0":1,"1":1,"2":1,"3":1,"4":1,"5":1,"6":1,"7":1,"8":1,"9":1,"10":1,"11":1,"12":1,"13":1,"14":1,"15":1,"16":1,"17":1,"18":1,"19":1,"20":1,"21":0,"22":1,"23":0,"24":0,"25":1,"26":1,"27":1,"28":1,"29":1,"30":1,"31":1,"32":13,"33":13,"34":13,"35":13,"36":13,"37":0,"38":0,"39":0,"40":0,"41":0,"42":0,"43":0,"44":1,"45":1,"46":0,"47":1,"48":0,"49":0,"50":0,"51":0,"52":0,"53":0,"54":0,"55":0,"56":0,"57":0,"58":0,"59":1,"60":0,"61":1,"62":5,"63":5,"64":1,"65":4,"66":4,"67":4,"68":1,"69":1,"70":3,"71":3,"72":1,"73":1,"74":2,"75":0,"76":1,"77":2,"78":2,"79":2,"80":2,"81":2,"82":2,"83":1,"84":1,"85":1,"86":1,"87":1,"88":0,"89":1,"90":1,"91":0,"92":1,"93":1,"94":1,"95":1,"96":7,"97":7,"98":7,"99":0,"100":0,"101":0,"102":7,"103":7,"104":1,"105":0,"106":1,"107":2,"108":2,"109":2,"110":1,"111":1,"112":1,"113":1,"114":0,"115":1,"116":1,"117":1,"118":1,"119":1,"120":0,"121":1,"122":2,"123":2,"124":2,"125":1,"126":1,"127":0,"128":1,"129":2,"130":2,"131":2,"132":1,"133":1,"134":1,"135":0,"136":1,"137":1,"138":1,"139":0,"140":1,"141":1,"142":1,"143":1,"144":0,"145":1,"146":1,"147":0,"148":1,"149":1,"150":1,"151":1,"152":0,"153":1,"154":1,"155":1,"156":1,"157":1,"158":1,"159":0,"160":1,"161":1,"162":1,"163":1,"164":1,"165":0,"166":1,"167":0,"168":0,"169":1,"170":1},"f":{"0":0,"1":0,"2":13,"3":0,"4":1,"5":0,"6":1,"7":5,"8":2,"9":1,"10":7,"11":0,"12":2,"13":1,"14":2,"15":2,"16":1,"17":1,"18":1,"19":1,"20":0},"b":{"0":[1,0],"1":[0,1],"2":[1,0],"3":[13,13],"4":[13,0],"5":[13,13],"6":[0,0],"7":[0,0],"8":[0,1],"9":[0,0],"10":[0,0],"11":[0,0],"12":[0,0],"13":[0,1],"14":[1,4],"15":[1,3],"16":[4,1],"17":[1,2],"18":[0,2],"19":[1,1],"20":[1,0],"21":[1,0],"22":[0,1],"23":[0,7],"24":[1,6],"25":[1,1],"26":[2,2,1],"27":[0,1],"28":[1,0],"29":[1,1],"30":[1,1],"31":[2,2],"32":[0,1],"33":[0,1],"34":[0,1],"35":[0,1]},"_coverageSchema":"1a1c01bbd47fc00a2c39e90264f33305004495a9","hash":"acaa1fa512124bddd16d16ab8d004db005ebd27b"}
}
