TN:
SF:server.js
FN:37,(anonymous_0)
FN:38,(anonymous_1)
FN:85,(anonymous_2)
FN:99,(anonymous_3)
FN:110,(anonymous_4)
FN:116,(anonymous_5)
FN:147,(anonymous_6)
FN:158,(anonymous_7)
FN:183,(anonymous_8)
FN:209,(anonymous_9)
FN:212,(anonymous_10)
FN:216,(anonymous_11)
FN:226,(anonymous_12)
FN:241,(anonymous_13)
FN:249,(anonymous_14)
FN:259,(anonymous_15)
FN:280,(anonymous_16)
FN:291,(anonymous_17)
FN:296,(anonymous_18)
FN:305,(anonymous_19)
FN:314,(anonymous_20)
FNF:21
FNH:15
FNDA:0,(anonymous_0)
FNDA:0,(anonymous_1)
FNDA:13,(anonymous_2)
FNDA:0,(anonymous_3)
FNDA:1,(anonymous_4)
FNDA:0,(anonymous_5)
FNDA:1,(anonymous_6)
FNDA:5,(anonymous_7)
FNDA:2,(anonymous_8)
FNDA:1,(anonymous_9)
FNDA:7,(anonymous_10)
FNDA:0,(anonymous_11)
FNDA:2,(anonymous_12)
FNDA:1,(anonymous_13)
FNDA:2,(anonymous_14)
FNDA:2,(anonymous_15)
FNDA:1,(anonymous_16)
FNDA:1,(anonymous_17)
FNDA:1,(anonymous_18)
FNDA:1,(anonymous_19)
FNDA:0,(anonymous_20)
DA:1,1
DA:2,1
DA:3,1
DA:4,1
DA:5,1
DA:6,1
DA:7,1
DA:9,1
DA:10,1
DA:11,1
DA:12,1
DA:13,1
DA:15,1
DA:16,1
DA:18,1
DA:19,1
DA:23,1
DA:28,1
DA:29,1
DA:31,1
DA:32,1
DA:33,0
DA:36,1
DA:37,0
DA:38,0
DA:40,1
DA:42,1
DA:52,1
DA:59,1
DA:70,1
DA:77,1
DA:85,1
DA:86,13
DA:87,13
DA:90,13
DA:91,13
DA:92,13
DA:95,0
DA:96,0
DA:99,0
DA:100,0
DA:101,0
DA:103,0
DA:104,0
DA:109,1
DA:111,1
DA:112,0
DA:114,1
DA:117,0
DA:118,0
DA:121,0
DA:122,0
DA:123,0
DA:131,0
DA:132,0
DA:133,0
DA:139,0
DA:140,0
DA:141,0
DA:148,1
DA:155,1
DA:159,5
DA:160,5
DA:161,1
DA:163,4
DA:164,4
DA:166,4
DA:167,1
DA:168,1
DA:171,3
DA:172,3
DA:173,1
DA:174,1
DA:176,2
DA:179,0
DA:183,1
DA:184,2
DA:185,2
DA:186,2
DA:187,2
DA:189,2
DA:190,2
DA:191,1
DA:194,1
DA:195,1
DA:196,1
DA:198,1
DA:199,1
DA:205,0
DA:209,1
DA:210,1
DA:211,1
DA:212,1
DA:213,7
DA:214,7
DA:215,7
DA:216,0
DA:217,0
DA:219,7
DA:220,7
DA:222,1
DA:223,0
DA:226,1
DA:227,2
DA:228,2
DA:231,2
DA:232,1
DA:235,1
DA:236,1
DA:237,1
DA:238,0
DA:241,1
DA:242,1
DA:243,1
DA:244,1
DA:245,1
DA:246,0
DA:249,1
DA:250,2
DA:251,2
DA:252,2
DA:253,1
DA:255,1
DA:256,0
DA:259,1
DA:260,2
DA:261,2
DA:264,2
DA:265,1
DA:268,1
DA:269,1
DA:270,0
DA:273,1
DA:275,1
DA:276,1
DA:277,0
DA:280,1
DA:281,1
DA:282,1
DA:283,1
DA:284,0
DA:286,1
DA:287,1
DA:288,0
DA:291,1
DA:292,1
DA:293,0
DA:296,1
DA:297,1
DA:298,1
DA:299,1
DA:300,1
DA:301,1
DA:302,0
DA:305,1
DA:306,1
DA:307,1
DA:308,1
DA:309,1
DA:310,0
DA:313,1
DA:314,0
DA:315,0
DA:320,1
DA:323,1
LF:165
LH:126
BRDA:25,0,0,1
BRDA:25,0,1,0
BRDA:32,1,0,0
BRDA:32,1,1,1
BRDA:45,2,0,1
BRDA:45,2,1,0
BRDA:87,3,0,13
BRDA:87,3,1,13
BRDA:90,4,0,13
BRDA:90,4,1,0
BRDA:90,5,0,13
BRDA:90,5,1,13
BRDA:95,6,0,0
BRDA:95,6,1,0
BRDA:100,7,0,0
BRDA:100,7,1,0
BRDA:111,8,0,0
BRDA:111,8,1,1
BRDA:117,9,0,0
BRDA:117,9,1,0
BRDA:122,10,0,0
BRDA:122,10,1,0
BRDA:132,11,0,0
BRDA:132,11,1,0
BRDA:140,12,0,0
BRDA:140,12,1,0
BRDA:148,13,0,0
BRDA:148,13,1,1
BRDA:160,14,0,1
BRDA:160,14,1,4
BRDA:166,15,0,1
BRDA:166,15,1,3
BRDA:166,16,0,4
BRDA:166,16,1,1
BRDA:172,17,0,1
BRDA:172,17,1,2
BRDA:187,18,0,0
BRDA:187,18,1,2
BRDA:190,19,0,1
BRDA:190,19,1,1
BRDA:194,20,0,1
BRDA:194,20,1,0
BRDA:195,21,0,1
BRDA:195,21,1,0
BRDA:196,22,0,0
BRDA:196,22,1,1
BRDA:215,23,0,0
BRDA:215,23,1,7
BRDA:219,24,0,1
BRDA:219,24,1,6
BRDA:231,25,0,1
BRDA:231,25,1,1
BRDA:231,26,0,2
BRDA:231,26,1,2
BRDA:231,26,2,1
BRDA:235,27,0,0
BRDA:235,27,1,1
BRDA:236,28,0,1
BRDA:236,28,1,0
BRDA:252,29,0,1
BRDA:252,29,1,1
BRDA:264,30,0,1
BRDA:264,30,1,1
BRDA:264,31,0,2
BRDA:264,31,1,2
BRDA:269,32,0,0
BRDA:269,32,1,1
BRDA:283,33,0,0
BRDA:283,33,1,1
BRDA:299,34,0,0
BRDA:299,34,1,1
BRDA:313,35,0,0
BRDA:313,35,1,1
BRF:73
BRH:44
end_of_record
